2025-11-20 11:47:26 DEBUG PackageRelationshipCollection:307 - Parsing relationship: /xl/_rels/workbook.xml.rels
2025-11-20 11:47:26 DEBUG PackageRelationshipCollection:307 - Parsing relationship: /_rels/.rels
2025-11-20 11:47:27 DEBUG PackageRelationshipCollection:307 - Parsing relationship: /xl/_rels/workbook.xml.rels
2025-11-20 11:47:27 DEBUG PackageRelationshipCollection:307 - Parsing relationship: /_rels/.rels
2025-11-20 11:47:27 DEBUG PackageRelationshipCollection:307 - Parsing relationship: /xl/_rels/workbook.xml.rels
2025-11-20 11:47:27 DEBUG PackageRelationshipCollection:307 - Parsing relationship: /_rels/.rels
2025-11-20 11:47:27 DEBUG PackageRelationshipCollection:307 - Parsing relationship: /xl/_rels/workbook.xml.rels
2025-11-20 11:47:27 DEBUG PackageRelationshipCollection:307 - Parsing relationship: /_rels/.rels
2025-11-20 11:47:27 DEBUG PackageRelationshipCollection:307 - Parsing relationship: /xl/_rels/workbook.xml.rels
2025-11-20 11:47:27 DEBUG PackageRelationshipCollection:307 - Parsing relationship: /_rels/.rels
2025-11-20 11:47:27 DEBUG PackageRelationshipCollection:307 - Parsing relationship: /xl/_rels/workbook.xml.rels
2025-11-20 11:47:27 DEBUG PackageRelationshipCollection:307 - Parsing relationship: /_rels/.rels
2025-11-20 11:47:27 DEBUG PackageRelationshipCollection:307 - Parsing relationship: /xl/_rels/workbook.xml.rels
2025-11-20 11:47:27 DEBUG PackageRelationshipCollection:307 - Parsing relationship: /_rels/.rels
2025-11-20 11:47:27 DEBUG PackageRelationshipCollection:307 - Parsing relationship: /xl/_rels/workbook.xml.rels
2025-11-20 11:47:27 DEBUG PackageRelationshipCollection:307 - Parsing relationship: /_rels/.rels
2025-11-20 11:47:27 DEBUG PackageRelationshipCollection:307 - Parsing relationship: /xl/_rels/workbook.xml.rels
2025-11-20 11:47:27 DEBUG PackageRelationshipCollection:307 - Parsing relationship: /_rels/.rels
2025-11-20 11:47:27 DEBUG PackageRelationshipCollection:307 - Parsing relationship: /xl/_rels/workbook.xml.rels
2025-11-20 11:47:27 DEBUG PackageRelationshipCollection:307 - Parsing relationship: /_rels/.rels
2025-11-20 11:47:27 DEBUG PackageRelationshipCollection:307 - Parsing relationship: /xl/_rels/workbook.xml.rels
2025-11-20 11:47:27 DEBUG PackageRelationshipCollection:307 - Parsing relationship: /_rels/.rels
2025-11-20 11:47:27 DEBUG PackageRelationshipCollection:307 - Parsing relationship: /xl/_rels/workbook.xml.rels
2025-11-20 11:47:27 DEBUG PackageRelationshipCollection:307 - Parsing relationship: /_rels/.rels
2025-11-20 11:47:27 DEBUG PackageRelationshipCollection:307 - Parsing relationship: /xl/_rels/workbook.xml.rels
2025-11-20 11:47:27 DEBUG PackageRelationshipCollection:307 - Parsing relationship: /_rels/.rels
2025-11-20 11:47:27 DEBUG PackageRelationshipCollection:307 - Parsing relationship: /xl/_rels/workbook.xml.rels
2025-11-20 11:47:27 DEBUG PackageRelationshipCollection:307 - Parsing relationship: /_rels/.rels
2025-11-20 11:47:27 DEBUG PackageRelationshipCollection:307 - Parsing relationship: /xl/_rels/workbook.xml.rels
2025-11-20 11:47:27 DEBUG PackageRelationshipCollection:307 - Parsing relationship: /_rels/.rels
2025-11-20 11:47:27 DEBUG PackageRelationshipCollection:307 - Parsing relationship: /xl/_rels/workbook.xml.rels
2025-11-20 11:47:27 DEBUG PackageRelationshipCollection:307 - Parsing relationship: /_rels/.rels
2025-11-20 11:47:27 DEBUG PackageRelationshipCollection:307 - Parsing relationship: /xl/_rels/workbook.xml.rels
2025-11-20 11:47:27 DEBUG PackageRelationshipCollection:307 - Parsing relationship: /_rels/.rels
2025-11-20 11:47:27 DEBUG PackageRelationshipCollection:307 - Parsing relationship: /xl/_rels/workbook.xml.rels
2025-11-20 11:47:27 DEBUG PackageRelationshipCollection:307 - Parsing relationship: /_rels/.rels
2025-11-20 11:47:27 DEBUG PackageRelationshipCollection:307 - Parsing relationship: /xl/_rels/workbook.xml.rels
2025-11-20 11:47:27 DEBUG PackageRelationshipCollection:307 - Parsing relationship: /_rels/.rels
2025-11-20 11:47:27 DEBUG PackageRelationshipCollection:307 - Parsing relationship: /xl/_rels/workbook.xml.rels
2025-11-20 11:47:27 DEBUG PackageRelationshipCollection:307 - Parsing relationship: /_rels/.rels
2025-11-20 11:47:27 DEBUG PackageRelationshipCollection:307 - Parsing relationship: /xl/_rels/workbook.xml.rels
2025-11-20 11:47:27 DEBUG PackageRelationshipCollection:307 - Parsing relationship: /_rels/.rels
2025-11-20 11:47:27 DEBUG PackageRelationshipCollection:307 - Parsing relationship: /xl/_rels/workbook.xml.rels
2025-11-20 11:47:27 DEBUG PackageRelationshipCollection:307 - Parsing relationship: /_rels/.rels
2025-11-20 11:47:27 DEBUG PackageRelationshipCollection:307 - Parsing relationship: /xl/_rels/workbook.xml.rels
2025-11-20 11:47:27 DEBUG PackageRelationshipCollection:307 - Parsing relationship: /_rels/.rels
2025-11-20 11:47:27 INFO  DDTests:23 - ************Creating User*************
2025-11-20 11:47:27 INFO  DDTests:33 - **************User Created*************
2025-11-20 11:47:31 INFO  DDTests:23 - ************Creating User*************
2025-11-20 11:47:31 INFO  DDTests:33 - **************User Created*************
2025-11-20 11:47:33 INFO  DDTests:23 - ************Creating User*************
2025-11-20 11:47:33 INFO  DDTests:33 - **************User Created*************
2025-11-20 11:47:34 DEBUG PackageRelationshipCollection:307 - Parsing relationship: /xl/_rels/workbook.xml.rels
2025-11-20 11:47:34 DEBUG PackageRelationshipCollection:307 - Parsing relationship: /_rels/.rels
2025-11-20 11:47:34 DEBUG PackageRelationshipCollection:307 - Parsing relationship: /xl/_rels/workbook.xml.rels
2025-11-20 11:47:34 DEBUG PackageRelationshipCollection:307 - Parsing relationship: /_rels/.rels
2025-11-20 11:47:34 DEBUG PackageRelationshipCollection:307 - Parsing relationship: /xl/_rels/workbook.xml.rels
2025-11-20 11:47:34 DEBUG PackageRelationshipCollection:307 - Parsing relationship: /_rels/.rels
2025-11-20 11:47:34 DEBUG PackageRelationshipCollection:307 - Parsing relationship: /xl/_rels/workbook.xml.rels
2025-11-20 11:47:34 DEBUG PackageRelationshipCollection:307 - Parsing relationship: /_rels/.rels
2025-11-20 11:47:36 INFO  DDTests:44 - **************Deleted User*************
2025-11-20 11:47:37 INFO  DDTests:44 - **************Deleted User*************
2025-11-20 11:47:39 INFO  DDTests:44 - **************Deleted User*************
2025-11-20 17:36:35 DEBUG PackageRelationshipCollection:307 - Parsing relationship: /xl/_rels/workbook.xml.rels
2025-11-20 17:36:35 DEBUG PackageRelationshipCollection:307 - Parsing relationship: /_rels/.rels
2025-11-20 17:36:36 DEBUG PackageRelationshipCollection:307 - Parsing relationship: /xl/_rels/workbook.xml.rels
2025-11-20 17:36:36 DEBUG PackageRelationshipCollection:307 - Parsing relationship: /_rels/.rels
2025-11-20 17:36:36 DEBUG PackageRelationshipCollection:307 - Parsing relationship: /xl/_rels/workbook.xml.rels
2025-11-20 17:36:36 DEBUG PackageRelationshipCollection:307 - Parsing relationship: /_rels/.rels
2025-11-20 17:36:36 DEBUG PackageRelationshipCollection:307 - Parsing relationship: /xl/_rels/workbook.xml.rels
2025-11-20 17:36:36 DEBUG PackageRelationshipCollection:307 - Parsing relationship: /_rels/.rels
2025-11-20 17:36:36 DEBUG PackageRelationshipCollection:307 - Parsing relationship: /xl/_rels/workbook.xml.rels
2025-11-20 17:36:36 DEBUG PackageRelationshipCollection:307 - Parsing relationship: /_rels/.rels
2025-11-20 17:36:36 DEBUG PackageRelationshipCollection:307 - Parsing relationship: /xl/_rels/workbook.xml.rels
2025-11-20 17:36:36 DEBUG PackageRelationshipCollection:307 - Parsing relationship: /_rels/.rels
2025-11-20 17:36:36 DEBUG PackageRelationshipCollection:307 - Parsing relationship: /xl/_rels/workbook.xml.rels
2025-11-20 17:36:36 DEBUG PackageRelationshipCollection:307 - Parsing relationship: /_rels/.rels
2025-11-20 17:36:36 DEBUG PackageRelationshipCollection:307 - Parsing relationship: /xl/_rels/workbook.xml.rels
2025-11-20 17:36:36 DEBUG PackageRelationshipCollection:307 - Parsing relationship: /_rels/.rels
2025-11-20 17:36:36 DEBUG PackageRelationshipCollection:307 - Parsing relationship: /xl/_rels/workbook.xml.rels
2025-11-20 17:36:36 DEBUG PackageRelationshipCollection:307 - Parsing relationship: /_rels/.rels
2025-11-20 17:36:36 DEBUG PackageRelationshipCollection:307 - Parsing relationship: /xl/_rels/workbook.xml.rels
2025-11-20 17:36:36 DEBUG PackageRelationshipCollection:307 - Parsing relationship: /_rels/.rels
2025-11-20 17:36:36 DEBUG PackageRelationshipCollection:307 - Parsing relationship: /xl/_rels/workbook.xml.rels
2025-11-20 17:36:36 DEBUG PackageRelationshipCollection:307 - Parsing relationship: /_rels/.rels
2025-11-20 17:36:36 DEBUG PackageRelationshipCollection:307 - Parsing relationship: /xl/_rels/workbook.xml.rels
2025-11-20 17:36:36 DEBUG PackageRelationshipCollection:307 - Parsing relationship: /_rels/.rels
2025-11-20 17:36:36 DEBUG PackageRelationshipCollection:307 - Parsing relationship: /xl/_rels/workbook.xml.rels
2025-11-20 17:36:36 DEBUG PackageRelationshipCollection:307 - Parsing relationship: /_rels/.rels
2025-11-20 17:36:36 DEBUG PackageRelationshipCollection:307 - Parsing relationship: /xl/_rels/workbook.xml.rels
2025-11-20 17:36:36 DEBUG PackageRelationshipCollection:307 - Parsing relationship: /_rels/.rels
2025-11-20 17:36:36 DEBUG PackageRelationshipCollection:307 - Parsing relationship: /xl/_rels/workbook.xml.rels
2025-11-20 17:36:36 DEBUG PackageRelationshipCollection:307 - Parsing relationship: /_rels/.rels
2025-11-20 17:36:36 DEBUG PackageRelationshipCollection:307 - Parsing relationship: /xl/_rels/workbook.xml.rels
2025-11-20 17:36:36 DEBUG PackageRelationshipCollection:307 - Parsing relationship: /_rels/.rels
2025-11-20 17:36:36 DEBUG PackageRelationshipCollection:307 - Parsing relationship: /xl/_rels/workbook.xml.rels
2025-11-20 17:36:36 DEBUG PackageRelationshipCollection:307 - Parsing relationship: /_rels/.rels
2025-11-20 17:36:36 DEBUG PackageRelationshipCollection:307 - Parsing relationship: /xl/_rels/workbook.xml.rels
2025-11-20 17:36:36 DEBUG PackageRelationshipCollection:307 - Parsing relationship: /_rels/.rels
2025-11-20 17:36:36 DEBUG PackageRelationshipCollection:307 - Parsing relationship: /xl/_rels/workbook.xml.rels
2025-11-20 17:36:36 DEBUG PackageRelationshipCollection:307 - Parsing relationship: /_rels/.rels
2025-11-20 17:36:36 DEBUG PackageRelationshipCollection:307 - Parsing relationship: /xl/_rels/workbook.xml.rels
2025-11-20 17:36:36 DEBUG PackageRelationshipCollection:307 - Parsing relationship: /_rels/.rels
2025-11-20 17:36:36 DEBUG PackageRelationshipCollection:307 - Parsing relationship: /xl/_rels/workbook.xml.rels
2025-11-20 17:36:36 DEBUG PackageRelationshipCollection:307 - Parsing relationship: /_rels/.rels
2025-11-20 17:36:36 DEBUG PackageRelationshipCollection:307 - Parsing relationship: /xl/_rels/workbook.xml.rels
2025-11-20 17:36:36 DEBUG PackageRelationshipCollection:307 - Parsing relationship: /_rels/.rels
2025-11-20 17:36:36 DEBUG PackageRelationshipCollection:307 - Parsing relationship: /xl/_rels/workbook.xml.rels
2025-11-20 17:36:36 DEBUG PackageRelationshipCollection:307 - Parsing relationship: /_rels/.rels
2025-11-20 17:36:36 INFO  DDTests:23 - ************Creating User*************
2025-11-20 17:36:36 INFO  DDTests:33 - **************User Created*************
2025-11-20 17:36:47 INFO  DDTests:23 - ************Creating User*************
2025-11-20 17:36:47 INFO  DDTests:33 - **************User Created*************
2025-11-20 17:36:50 INFO  DDTests:23 - ************Creating User*************
2025-11-20 17:36:50 INFO  DDTests:33 - **************User Created*************
2025-11-20 17:36:55 DEBUG PackageRelationshipCollection:307 - Parsing relationship: /xl/_rels/workbook.xml.rels
2025-11-20 17:36:55 DEBUG PackageRelationshipCollection:307 - Parsing relationship: /_rels/.rels
2025-11-20 17:36:55 DEBUG PackageRelationshipCollection:307 - Parsing relationship: /xl/_rels/workbook.xml.rels
2025-11-20 17:36:55 DEBUG PackageRelationshipCollection:307 - Parsing relationship: /_rels/.rels
2025-11-20 17:36:55 DEBUG PackageRelationshipCollection:307 - Parsing relationship: /xl/_rels/workbook.xml.rels
2025-11-20 17:36:55 DEBUG PackageRelationshipCollection:307 - Parsing relationship: /_rels/.rels
2025-11-20 17:36:55 DEBUG PackageRelationshipCollection:307 - Parsing relationship: /xl/_rels/workbook.xml.rels
2025-11-20 17:36:55 DEBUG PackageRelationshipCollection:307 - Parsing relationship: /_rels/.rels
2025-11-20 17:37:00 INFO  DDTests:44 - **************Deleted User*************
2025-11-20 17:37:03 INFO  DDTests:44 - **************Deleted User*************
2025-11-20 17:37:05 INFO  DDTests:44 - **************Deleted User*************
2025-11-20 17:39:53 DEBUG PackageRelationshipCollection:307 - Parsing relationship: /xl/_rels/workbook.xml.rels
2025-11-20 17:39:53 DEBUG PackageRelationshipCollection:307 - Parsing relationship: /_rels/.rels
2025-11-20 17:39:53 DEBUG PackageRelationshipCollection:307 - Parsing relationship: /xl/_rels/workbook.xml.rels
2025-11-20 17:39:53 DEBUG PackageRelationshipCollection:307 - Parsing relationship: /_rels/.rels
2025-11-20 17:39:53 DEBUG PackageRelationshipCollection:307 - Parsing relationship: /xl/_rels/workbook.xml.rels
2025-11-20 17:39:53 DEBUG PackageRelationshipCollection:307 - Parsing relationship: /_rels/.rels
2025-11-20 17:39:54 DEBUG PackageRelationshipCollection:307 - Parsing relationship: /xl/_rels/workbook.xml.rels
2025-11-20 17:39:54 DEBUG PackageRelationshipCollection:307 - Parsing relationship: /_rels/.rels
2025-11-20 17:39:54 DEBUG PackageRelationshipCollection:307 - Parsing relationship: /xl/_rels/workbook.xml.rels
2025-11-20 17:39:54 DEBUG PackageRelationshipCollection:307 - Parsing relationship: /_rels/.rels
2025-11-20 17:39:54 DEBUG PackageRelationshipCollection:307 - Parsing relationship: /xl/_rels/workbook.xml.rels
2025-11-20 17:39:54 DEBUG PackageRelationshipCollection:307 - Parsing relationship: /_rels/.rels
2025-11-20 17:39:54 DEBUG PackageRelationshipCollection:307 - Parsing relationship: /xl/_rels/workbook.xml.rels
2025-11-20 17:39:54 DEBUG PackageRelationshipCollection:307 - Parsing relationship: /_rels/.rels
2025-11-20 17:39:54 DEBUG PackageRelationshipCollection:307 - Parsing relationship: /xl/_rels/workbook.xml.rels
2025-11-20 17:39:54 DEBUG PackageRelationshipCollection:307 - Parsing relationship: /_rels/.rels
2025-11-20 17:39:54 DEBUG PackageRelationshipCollection:307 - Parsing relationship: /xl/_rels/workbook.xml.rels
2025-11-20 17:39:54 DEBUG PackageRelationshipCollection:307 - Parsing relationship: /_rels/.rels
2025-11-20 17:39:54 DEBUG PackageRelationshipCollection:307 - Parsing relationship: /xl/_rels/workbook.xml.rels
2025-11-20 17:39:54 DEBUG PackageRelationshipCollection:307 - Parsing relationship: /_rels/.rels
2025-11-20 17:39:54 DEBUG PackageRelationshipCollection:307 - Parsing relationship: /xl/_rels/workbook.xml.rels
2025-11-20 17:39:54 DEBUG PackageRelationshipCollection:307 - Parsing relationship: /_rels/.rels
2025-11-20 17:39:54 DEBUG PackageRelationshipCollection:307 - Parsing relationship: /xl/_rels/workbook.xml.rels
2025-11-20 17:39:54 DEBUG PackageRelationshipCollection:307 - Parsing relationship: /_rels/.rels
2025-11-20 17:39:54 DEBUG PackageRelationshipCollection:307 - Parsing relationship: /xl/_rels/workbook.xml.rels
2025-11-20 17:39:54 DEBUG PackageRelationshipCollection:307 - Parsing relationship: /_rels/.rels
2025-11-20 17:39:54 DEBUG PackageRelationshipCollection:307 - Parsing relationship: /xl/_rels/workbook.xml.rels
2025-11-20 17:39:54 DEBUG PackageRelationshipCollection:307 - Parsing relationship: /_rels/.rels
2025-11-20 17:39:54 DEBUG PackageRelationshipCollection:307 - Parsing relationship: /xl/_rels/workbook.xml.rels
2025-11-20 17:39:54 DEBUG PackageRelationshipCollection:307 - Parsing relationship: /_rels/.rels
2025-11-20 17:39:54 DEBUG PackageRelationshipCollection:307 - Parsing relationship: /xl/_rels/workbook.xml.rels
2025-11-20 17:39:54 DEBUG PackageRelationshipCollection:307 - Parsing relationship: /_rels/.rels
2025-11-20 17:39:54 DEBUG PackageRelationshipCollection:307 - Parsing relationship: /xl/_rels/workbook.xml.rels
2025-11-20 17:39:54 DEBUG PackageRelationshipCollection:307 - Parsing relationship: /_rels/.rels
2025-11-20 17:39:54 DEBUG PackageRelationshipCollection:307 - Parsing relationship: /xl/_rels/workbook.xml.rels
2025-11-20 17:39:54 DEBUG PackageRelationshipCollection:307 - Parsing relationship: /_rels/.rels
2025-11-20 17:39:54 DEBUG PackageRelationshipCollection:307 - Parsing relationship: /xl/_rels/workbook.xml.rels
2025-11-20 17:39:54 DEBUG PackageRelationshipCollection:307 - Parsing relationship: /_rels/.rels
2025-11-20 17:39:54 DEBUG PackageRelationshipCollection:307 - Parsing relationship: /xl/_rels/workbook.xml.rels
2025-11-20 17:39:54 DEBUG PackageRelationshipCollection:307 - Parsing relationship: /_rels/.rels
2025-11-20 17:39:54 DEBUG PackageRelationshipCollection:307 - Parsing relationship: /xl/_rels/workbook.xml.rels
2025-11-20 17:39:54 DEBUG PackageRelationshipCollection:307 - Parsing relationship: /_rels/.rels
2025-11-20 17:39:54 DEBUG PackageRelationshipCollection:307 - Parsing relationship: /xl/_rels/workbook.xml.rels
2025-11-20 17:39:54 DEBUG PackageRelationshipCollection:307 - Parsing relationship: /_rels/.rels
2025-11-20 17:39:54 DEBUG PackageRelationshipCollection:307 - Parsing relationship: /xl/_rels/workbook.xml.rels
2025-11-20 17:39:54 DEBUG PackageRelationshipCollection:307 - Parsing relationship: /_rels/.rels
2025-11-20 17:39:54 INFO  DDTests:23 - ************Creating User*************
2025-11-20 17:39:54 INFO  DDTests:33 - **************User Created*************
2025-11-20 17:39:59 INFO  DDTests:23 - ************Creating User*************
2025-11-20 17:39:59 INFO  DDTests:33 - **************User Created*************
2025-11-20 17:40:00 INFO  DDTests:23 - ************Creating User*************
2025-11-20 17:40:00 INFO  DDTests:33 - **************User Created*************
2025-11-20 17:40:02 DEBUG PackageRelationshipCollection:307 - Parsing relationship: /xl/_rels/workbook.xml.rels
2025-11-20 17:40:02 DEBUG PackageRelationshipCollection:307 - Parsing relationship: /_rels/.rels
2025-11-20 17:40:02 DEBUG PackageRelationshipCollection:307 - Parsing relationship: /xl/_rels/workbook.xml.rels
2025-11-20 17:40:02 DEBUG PackageRelationshipCollection:307 - Parsing relationship: /_rels/.rels
2025-11-20 17:40:02 DEBUG PackageRelationshipCollection:307 - Parsing relationship: /xl/_rels/workbook.xml.rels
2025-11-20 17:40:02 DEBUG PackageRelationshipCollection:307 - Parsing relationship: /_rels/.rels
2025-11-20 17:40:02 DEBUG PackageRelationshipCollection:307 - Parsing relationship: /xl/_rels/workbook.xml.rels
2025-11-20 17:40:02 DEBUG PackageRelationshipCollection:307 - Parsing relationship: /_rels/.rels
2025-11-20 17:40:03 INFO  DDTests:44 - **************Deleted User*************
2025-11-20 17:40:05 INFO  DDTests:44 - **************Deleted User*************
2025-11-20 17:40:07 INFO  DDTests:44 - **************Deleted User*************
2025-11-20 18:04:44 DEBUG PackageRelationshipCollection:307 - Parsing relationship: /xl/_rels/workbook.xml.rels
2025-11-20 18:04:44 DEBUG PackageRelationshipCollection:307 - Parsing relationship: /_rels/.rels
2025-11-20 18:04:45 DEBUG PackageRelationshipCollection:307 - Parsing relationship: /xl/_rels/workbook.xml.rels
2025-11-20 18:04:45 DEBUG PackageRelationshipCollection:307 - Parsing relationship: /_rels/.rels
2025-11-20 18:04:45 DEBUG PackageRelationshipCollection:307 - Parsing relationship: /xl/_rels/workbook.xml.rels
2025-11-20 18:04:45 DEBUG PackageRelationshipCollection:307 - Parsing relationship: /_rels/.rels
2025-11-20 18:04:45 DEBUG PackageRelationshipCollection:307 - Parsing relationship: /xl/_rels/workbook.xml.rels
2025-11-20 18:04:45 DEBUG PackageRelationshipCollection:307 - Parsing relationship: /_rels/.rels
2025-11-20 18:04:45 DEBUG PackageRelationshipCollection:307 - Parsing relationship: /xl/_rels/workbook.xml.rels
2025-11-20 18:04:45 DEBUG PackageRelationshipCollection:307 - Parsing relationship: /_rels/.rels
2025-11-20 18:04:45 DEBUG PackageRelationshipCollection:307 - Parsing relationship: /xl/_rels/workbook.xml.rels
2025-11-20 18:04:45 DEBUG PackageRelationshipCollection:307 - Parsing relationship: /_rels/.rels
2025-11-20 18:04:45 DEBUG PackageRelationshipCollection:307 - Parsing relationship: /xl/_rels/workbook.xml.rels
2025-11-20 18:04:45 DEBUG PackageRelationshipCollection:307 - Parsing relationship: /_rels/.rels
2025-11-20 18:04:45 DEBUG PackageRelationshipCollection:307 - Parsing relationship: /xl/_rels/workbook.xml.rels
2025-11-20 18:04:45 DEBUG PackageRelationshipCollection:307 - Parsing relationship: /_rels/.rels
2025-11-20 18:04:45 DEBUG PackageRelationshipCollection:307 - Parsing relationship: /xl/_rels/workbook.xml.rels
2025-11-20 18:04:45 DEBUG PackageRelationshipCollection:307 - Parsing relationship: /_rels/.rels
2025-11-20 18:04:45 DEBUG PackageRelationshipCollection:307 - Parsing relationship: /xl/_rels/workbook.xml.rels
2025-11-20 18:04:45 DEBUG PackageRelationshipCollection:307 - Parsing relationship: /_rels/.rels
2025-11-20 18:04:45 DEBUG PackageRelationshipCollection:307 - Parsing relationship: /xl/_rels/workbook.xml.rels
2025-11-20 18:04:45 DEBUG PackageRelationshipCollection:307 - Parsing relationship: /_rels/.rels
2025-11-20 18:04:45 DEBUG PackageRelationshipCollection:307 - Parsing relationship: /xl/_rels/workbook.xml.rels
2025-11-20 18:04:45 DEBUG PackageRelationshipCollection:307 - Parsing relationship: /_rels/.rels
2025-11-20 18:04:45 DEBUG PackageRelationshipCollection:307 - Parsing relationship: /xl/_rels/workbook.xml.rels
2025-11-20 18:04:45 DEBUG PackageRelationshipCollection:307 - Parsing relationship: /_rels/.rels
2025-11-20 18:04:45 DEBUG PackageRelationshipCollection:307 - Parsing relationship: /xl/_rels/workbook.xml.rels
2025-11-20 18:04:45 DEBUG PackageRelationshipCollection:307 - Parsing relationship: /_rels/.rels
2025-11-20 18:04:45 DEBUG PackageRelationshipCollection:307 - Parsing relationship: /xl/_rels/workbook.xml.rels
2025-11-20 18:04:45 DEBUG PackageRelationshipCollection:307 - Parsing relationship: /_rels/.rels
2025-11-20 18:04:45 DEBUG PackageRelationshipCollection:307 - Parsing relationship: /xl/_rels/workbook.xml.rels
2025-11-20 18:04:45 DEBUG PackageRelationshipCollection:307 - Parsing relationship: /_rels/.rels
2025-11-20 18:04:45 DEBUG PackageRelationshipCollection:307 - Parsing relationship: /xl/_rels/workbook.xml.rels
2025-11-20 18:04:45 DEBUG PackageRelationshipCollection:307 - Parsing relationship: /_rels/.rels
2025-11-20 18:04:45 DEBUG PackageRelationshipCollection:307 - Parsing relationship: /xl/_rels/workbook.xml.rels
2025-11-20 18:04:45 DEBUG PackageRelationshipCollection:307 - Parsing relationship: /_rels/.rels
2025-11-20 18:04:45 DEBUG PackageRelationshipCollection:307 - Parsing relationship: /xl/_rels/workbook.xml.rels
2025-11-20 18:04:45 DEBUG PackageRelationshipCollection:307 - Parsing relationship: /_rels/.rels
2025-11-20 18:04:45 DEBUG PackageRelationshipCollection:307 - Parsing relationship: /xl/_rels/workbook.xml.rels
2025-11-20 18:04:45 DEBUG PackageRelationshipCollection:307 - Parsing relationship: /_rels/.rels
2025-11-20 18:04:45 DEBUG PackageRelationshipCollection:307 - Parsing relationship: /xl/_rels/workbook.xml.rels
2025-11-20 18:04:45 DEBUG PackageRelationshipCollection:307 - Parsing relationship: /_rels/.rels
2025-11-20 18:04:45 DEBUG PackageRelationshipCollection:307 - Parsing relationship: /xl/_rels/workbook.xml.rels
2025-11-20 18:04:45 DEBUG PackageRelationshipCollection:307 - Parsing relationship: /_rels/.rels
2025-11-20 18:04:45 DEBUG PackageRelationshipCollection:307 - Parsing relationship: /xl/_rels/workbook.xml.rels
2025-11-20 18:04:45 DEBUG PackageRelationshipCollection:307 - Parsing relationship: /_rels/.rels
2025-11-20 18:04:45 INFO  DDTests:23 - ************Creating User*************
2025-11-20 18:04:45 INFO  DDTests:33 - **************User Created*************
2025-11-20 18:04:53 INFO  DDTests:23 - ************Creating User*************
2025-11-20 18:04:53 INFO  DDTests:33 - **************User Created*************
2025-11-20 18:04:56 INFO  DDTests:23 - ************Creating User*************
2025-11-20 18:04:56 INFO  DDTests:33 - **************User Created*************
2025-11-20 18:05:00 DEBUG PackageRelationshipCollection:307 - Parsing relationship: /xl/_rels/workbook.xml.rels
2025-11-20 18:05:00 DEBUG PackageRelationshipCollection:307 - Parsing relationship: /_rels/.rels
2025-11-20 18:05:00 DEBUG PackageRelationshipCollection:307 - Parsing relationship: /xl/_rels/workbook.xml.rels
2025-11-20 18:05:00 DEBUG PackageRelationshipCollection:307 - Parsing relationship: /_rels/.rels
2025-11-20 18:05:00 DEBUG PackageRelationshipCollection:307 - Parsing relationship: /xl/_rels/workbook.xml.rels
2025-11-20 18:05:00 DEBUG PackageRelationshipCollection:307 - Parsing relationship: /_rels/.rels
2025-11-20 18:05:00 DEBUG PackageRelationshipCollection:307 - Parsing relationship: /xl/_rels/workbook.xml.rels
2025-11-20 18:05:00 DEBUG PackageRelationshipCollection:307 - Parsing relationship: /_rels/.rels
2025-11-20 18:05:05 INFO  DDTests:44 - **************Deleted User*************
2025-11-20 18:05:08 INFO  DDTests:44 - **************Deleted User*************
2025-11-20 18:05:14 INFO  DDTests:44 - **************Deleted User*************
